DEBUG:__main__:Iniciando copia de archivos backup RMAN....
INFO:__main__:Creando sesion SSH....
INFO:__main__:Creando host key policy....
INFO:__main__:Abriendo conexion....
DEBUG:paramiko.transport:starting thread (client mode): 0xb5545be0
DEBUG:paramiko.transport:Local version/idstring: SSH-2.0-paramiko_3.4.0
DEBUG:paramiko.transport:Remote version/idstring: SSH-2.0-OpenSSH_7.4
INFO:paramiko.transport:Connected (version 2.0, client OpenSSH_7.4)
DEBUG:paramiko.transport:=== Key exchange possibilities ===
DEBUG:paramiko.transport:kex algos: curve25519-sha256, curve25519-sha256@libssh.org, ecdh-sha2-nistp256, ecdh-sha2-nistp384, ecdh-sha2-nistp521, diffie-hellman-group-exchange-sha256, diffie-hellman-group16-sha512, diffie-hellman-group18-sha512, diffie-hellman-group-exchange-sha1, diffie-hellman-group14-sha256, diffie-hellman-group14-sha1, diffie-hellman-group1-sha1
DEBUG:paramiko.transport:server key: ssh-rsa, rsa-sha2-512, rsa-sha2-256, ecdsa-sha2-nistp256, ssh-ed25519
DEBUG:paramiko.transport:client encrypt: chacha20-poly1305@openssh.com, aes128-ctr, aes192-ctr, aes256-ctr, aes128-gcm@openssh.com, aes256-gcm@openssh.com, aes128-cbc, aes192-cbc, aes256-cbc, blowfish-cbc, cast128-cbc, 3des-cbc
DEBUG:paramiko.transport:server encrypt: chacha20-poly1305@openssh.com, aes128-ctr, aes192-ctr, aes256-ctr, aes128-gcm@openssh.com, aes256-gcm@openssh.com, aes128-cbc, aes192-cbc, aes256-cbc, blowfish-cbc, cast128-cbc, 3des-cbc
DEBUG:paramiko.transport:client mac: umac-64-etm@openssh.com, umac-128-etm@openssh.com, hmac-sha2-256-etm@openssh.com, hmac-sha2-512-etm@openssh.com, hmac-sha1-etm@openssh.com, umac-64@openssh.com, umac-128@openssh.com, hmac-sha2-256, hmac-sha2-512, hmac-sha1
DEBUG:paramiko.transport:server mac: umac-64-etm@openssh.com, umac-128-etm@openssh.com, hmac-sha2-256-etm@openssh.com, hmac-sha2-512-etm@openssh.com, hmac-sha1-etm@openssh.com, umac-64@openssh.com, umac-128@openssh.com, hmac-sha2-256, hmac-sha2-512, hmac-sha1
DEBUG:paramiko.transport:client compress: none, zlib@openssh.com
DEBUG:paramiko.transport:server compress: none, zlib@openssh.com
DEBUG:paramiko.transport:client lang: <none>
DEBUG:paramiko.transport:server lang: <none>
DEBUG:paramiko.transport:kex follows: False
DEBUG:paramiko.transport:=== Key exchange agreements ===
DEBUG:paramiko.transport:Kex: curve25519-sha256@libssh.org
DEBUG:paramiko.transport:HostKey: ssh-ed25519
DEBUG:paramiko.transport:Cipher: aes128-ctr
DEBUG:paramiko.transport:MAC: hmac-sha2-256
DEBUG:paramiko.transport:Compression: none
DEBUG:paramiko.transport:=== End of kex handshake ===
DEBUG:paramiko.transport:kex engine KexCurve25519 specified hash_algo <built-in function openssl_sha256>
DEBUG:paramiko.transport:Switch to new keys ...
DEBUG:paramiko.transport:Got EXT_INFO: {'server-sig-algs': b'rsa-sha2-256,rsa-sha2-512'}
DEBUG:paramiko.transport:Adding ssh-ed25519 host key for 192.168.2.126: b'75aff105897d1f5d90d7606156dde981'
DEBUG:paramiko.transport:userauth is OK
INFO:paramiko.transport:Authentication (password) successful!
INFO:__main__:Conexion exitosa....
INFO:__main__:Obteniendo ssh.get_transport()....
INFO:__main__:Modificando tamaño de paquete....
INFO:__main__:ssh.get_transport() exitoso....
INFO:__main__:Iniciando copia RMAN....
DEBUG:paramiko.transport:[chan 0] Max packet in: 30000000 bytes
DEBUG:paramiko.transport:Received global request "hostkeys-00@openssh.com"
DEBUG:paramiko.transport:Rejecting "hostkeys-00@openssh.com" global request from server.
DEBUG:paramiko.transport:[chan 0] Max packet out: 32768 bytes
DEBUG:paramiko.transport:Secsh channel 0 opened.
DEBUG:paramiko.transport:[chan 0] Sesch channel 0 request ok
DEBUG:paramiko.transport:[chan 0] EOF sent (0)
INFO:__main__:Cerrando conexion....
ERROR:__main__:Ocurrió un error al copiar backup RMAN: (2, 'El sistema no puede encontrar la ruta especificada')
DEBUG:paramiko.transport:EOF in transport thread
